[debug] [2024-01-20T16:05:35.106Z] ----------------------------------------------------------------------
[debug] [2024-01-20T16:05:35.108Z] Command:       C:\Program Files\nodejs\node.exe C:\Users\kryst\AppData\Roaming\npm\node_modules\firebase-tools\lib\bin\firebase.js deploy --only functions
[debug] [2024-01-20T16:05:35.108Z] CLI Version:   13.0.3
[debug] [2024-01-20T16:05:35.108Z] Platform:      win32
[debug] [2024-01-20T16:05:35.109Z] Node Version:  v18.15.0
[debug] [2024-01-20T16:05:35.109Z] Time:          Sat Jan 20 2024 17:05:35 GMT+0100 (czas środkowoeuropejski standardowy)
[debug] [2024-01-20T16:05:35.109Z] ----------------------------------------------------------------------
[debug] 
[debug] [2024-01-20T16:05:35.173Z] > command requires scopes: ["email","openid","https://www.googleapis.com/auth/cloudplatformprojects.readonly","https://www.googleapis.com/auth/firebase","https://www.googleapis.com/auth/cloud-platform"]
[debug] [2024-01-20T16:05:35.173Z] > authorizing via signed-in user (krydom112@gmail.com)
[debug] [2024-01-20T16:05:35.173Z] [iam] checking project teamflow-27935 for permissions ["cloudfunctions.functions.create","cloudfunctions.functions.delete","cloudfunctions.functions.get","cloudfunctions.functions.list","cloudfunctions.functions.update","cloudfunctions.operations.get","firebase.projects.get"]
[debug] [2024-01-20T16:05:35.175Z] > refreshing access token with scopes: []
[debug] [2024-01-20T16:05:35.176Z] >>> [apiv2][query] POST https://www.googleapis.com/oauth2/v3/token [none]
[debug] [2024-01-20T16:05:35.176Z] >>> [apiv2][body] POST https://www.googleapis.com/oauth2/v3/token [omitted]
[debug] [2024-01-20T16:05:35.343Z] <<< [apiv2][status] POST https://www.googleapis.com/oauth2/v3/token 200
[debug] [2024-01-20T16:05:35.343Z] <<< [apiv2][body] POST https://www.googleapis.com/oauth2/v3/token [omitted]
[debug] [2024-01-20T16:05:35.351Z] >>> [apiv2][query] POST https://cloudresourcemanager.googleapis.com/v1/projects/teamflow-27935:testIamPermissions [none]
[debug] [2024-01-20T16:05:35.351Z] >>> [apiv2][(partial)header] POST https://cloudresourcemanager.googleapis.com/v1/projects/teamflow-27935:testIamPermissions x-goog-quota-user=projects/teamflow-27935
[debug] [2024-01-20T16:05:35.351Z] >>> [apiv2][body] POST https://cloudresourcemanager.googleapis.com/v1/projects/teamflow-27935:testIamPermissions {"permissions":["cloudfunctions.functions.create","cloudfunctions.functions.delete","cloudfunctions.functions.get","cloudfunctions.functions.list","cloudfunctions.functions.update","cloudfunctions.operations.get","firebase.projects.get"]}
[debug] [2024-01-20T16:05:36.130Z] <<< [apiv2][status] POST https://cloudresourcemanager.googleapis.com/v1/projects/teamflow-27935:testIamPermissions 200
[debug] [2024-01-20T16:05:36.130Z] <<< [apiv2][body] POST https://cloudresourcemanager.googleapis.com/v1/projects/teamflow-27935:testIamPermissions {"permissions":["cloudfunctions.functions.create","cloudfunctions.functions.delete","cloudfunctions.functions.get","cloudfunctions.functions.list","cloudfunctions.functions.update","cloudfunctions.operations.get","firebase.projects.get"]}
[debug] [2024-01-20T16:05:36.130Z] >>> [apiv2][query] POST https://iam.googleapis.com/v1/projects/teamflow-27935/serviceAccounts/teamflow-27935@appspot.gserviceaccount.com:testIamPermissions [none]
[debug] [2024-01-20T16:05:36.130Z] >>> [apiv2][body] POST https://iam.googleapis.com/v1/projects/teamflow-27935/serviceAccounts/teamflow-27935@appspot.gserviceaccount.com:testIamPermissions {"permissions":["iam.serviceAccounts.actAs"]}
